2025-04-05 14:03:28,562 - INFO - Pushing repo: OwenTesting
2025-04-05 14:03:28,597 - DEBUG - Starting new HTTP connection (1): localhost:5000
2025-04-05 14:04:10,435 - INFO - Pushing repo: OwenTesting
2025-04-05 14:04:10,440 - DEBUG - Starting new HTTP connection (1): localhost:5000
2025-04-05 14:04:10,471 - DEBUG - http://localhost:5000 "POST /push HTTP/1.1" 200 50
2025-04-05 14:04:10,472 - INFO - Push successful.
2025-04-05 15:07:03,918 - DEBUG - Starting new HTTP connection (1): localhost:5000
2025-04-05 15:07:04,255 - DEBUG - http://localhost:5000 "GET /clone/NewTestOwen HTTP/1.1" 200 154
2025-04-05 15:07:44,037 - INFO - Pushing repo: NewTestOwen
2025-04-05 15:07:44,058 - DEBUG - Starting new HTTP connection (1): localhost:5000
2025-04-05 15:07:44,089 - DEBUG - http://localhost:5000 "POST /push HTTP/1.1" 200 50
2025-04-05 15:07:44,090 - INFO - Push successful.
2025-04-05 15:23:49,607 - DEBUG - Starting new HTTP connection (1): localhost:5000
2025-04-05 15:23:49,623 - DEBUG - http://localhost:5000 "GET /clone/BrendoRepo HTTP/1.1" 200 171
2025-04-05 15:24:20,826 - INFO - Pushing repo: BrendoRepo
2025-04-05 15:24:20,839 - DEBUG - Starting new HTTP connection (1): localhost:5000
2025-04-05 15:24:20,853 - DEBUG - http://localhost:5000 "POST /push HTTP/1.1" 200 49
2025-04-05 15:24:20,853 - INFO - Push successful.
2025-04-06 20:26:59,105 - DEBUG - Starting new HTTP connection (1): localhost:5000
2025-04-06 20:28:22,832 - DEBUG - Starting new HTTP connection (1): localhost:5000
2025-04-06 20:29:52,568 - DEBUG - Starting new HTTP connection (1): localhost:5000
2025-04-06 20:53:25,836 - DEBUG - Starting new HTTP connection (1): localhost:5000
2025-04-06 20:53:26,158 - DEBUG - http://localhost:5000 "GET /clone/plsWork HTTP/1.1" 200 146
2025-04-06 21:01:12,242 - INFO - Pushing repo: plsWork
2025-04-06 21:01:12,255 - DEBUG - Starting new HTTP connection (1): localhost:5000
2025-04-06 21:01:12,297 - DEBUG - http://localhost:5000 "POST /push HTTP/1.1" 200 82
2025-04-06 21:01:12,298 - INFO - Push successful.
2025-04-06 21:04:12,711 - INFO - Pushing repo: plsWork
2025-04-06 21:04:12,715 - DEBUG - Starting new HTTP connection (1): localhost:5000
2025-04-06 21:04:12,778 - DEBUG - http://localhost:5000 "POST /push HTTP/1.1" 200 136
2025-04-06 21:04:12,779 - INFO - Push successful.
2025-04-06 21:07:40,891 - INFO - Pushing repo: plsWork
2025-04-06 21:07:40,921 - DEBUG - Starting new HTTP connection (1): localhost:5000
2025-04-06 21:07:40,980 - DEBUG - http://localhost:5000 "POST /push HTTP/1.1" 200 163
2025-04-06 21:07:40,981 - INFO - Push successful.
2025-04-07 19:35:41,694 - INFO - Pushing repo: plsWork
2025-04-07 19:35:41,727 - DEBUG - Starting new HTTP connection (1): localhost:5000
2025-04-07 19:35:41,798 - DEBUG - http://localhost:5000 "POST /push HTTP/1.1" 200 163
2025-04-07 19:35:41,798 - INFO - Push successful.
2025-04-07 20:33:38,215 - INFO - Pushing repo: plsWork
2025-04-07 20:33:38,248 - DEBUG - Starting new HTTP connection (1): localhost:5000
2025-04-07 20:33:38,321 - DEBUG - http://localhost:5000 "POST /push HTTP/1.1" 200 190
2025-04-07 20:33:38,322 - INFO - Push successful.
